
/home/runner/work/exp-acceleration-analysis-nongrashof-nitk/exp-acceleration-analysis-nongrashof-nitk/experiment/simulation/js/MOMscript.js
    3:10  warning  'point' is defined but never used       no-unused-vars
   11:10  warning  'pointtrans' is defined but never used  no-unused-vars
   19:10  warning  'pointdisp' is defined but never used   no-unused-vars
   69:10  warning  'pointdist' is defined but never used   no-unused-vars
   75:10  warning  'pointjoin' is defined but never used   no-unused-vars
   90:10  warning  'pointtrace' is defined but never used  no-unused-vars
  108:10  warning  'deg' is defined but never used         no-unused-vars
  118:10  warning  'drawrect' is defined but never used    no-unused-vars
  138:10  warning  'drawArrow' is defined but never used   no-unused-vars
  154:10  warning  'signof' is defined but never used      no-unused-vars
  160:10  warning  'roundd' is defined but never used      no-unused-vars
  166:10  warning  'plotgraph' is defined but never used   no-unused-vars
  176:1   warning  'i' is not defined                      no-undef
  178:7   warning  'i' is not defined                      no-undef
  180:20  warning  'i' is not defined                      no-undef
  180:27  warning  'i' is not defined                      no-undef
  181:2   warning  'i' is not defined                      no-undef
  182:6   warning  'i' is not defined                      no-undef
  185:3   warning  'i' is not defined                      no-undef
  185:5   warning  'i' is not defined                      no-undef

/home/runner/work/exp-acceleration-analysis-nongrashof-nitk/exp-acceleration-analysis-nongrashof-nitk/experiment/simulation/js/dpi.js
  33:10  error  Parsing error: Identifier 'fix_dpi' has already been declared

/home/runner/work/exp-acceleration-analysis-nongrashof-nitk/exp-acceleration-analysis-nongrashof-nitk/experiment/simulation/js/jquery-3.6.0.js
     17:44  warning  'module' is not defined                                                    no-undef
     25:5   warning  'module' is not defined                                                    no-undef
    142:13  warning  'Symbol' is already defined as a built-in global variable                  no-redeclare
    717:22  warning  Unexpected control character(s) in regular expression: \x1f, \x1f          no-control-regex
    779:50  warning  Empty block statement                                                      no-empty
   2185:38  warning  Do not access Object.prototype method 'hasOwnProperty' from target object  no-prototype-builtins
   3205:16  warning  Unnecessary escape character: \/                                           no-useless-escape
   3507:52  warning  Empty block statement                                                      no-empty
   4584:21  warning  Empty block statement                                                      no-empty
   5051:28  warning  Unnecessary escape character: \/                                           no-useless-escape
   5268:19  warning  Empty block statement                                                      no-empty
   6564:25  warning  Empty block statement                                                      no-empty
   9171:17  warning  Empty block statement                                                      no-empty
   9819:28  warning  'urlAnchor.href' is assigned to itself                                     no-self-assign
  10269:17  warning  Empty block statement                                                      no-empty
  11162:39  warning  'define' is not defined                                                    no-undef
  11163:5   warning  'define' is not defined                                                    no-undef

/home/runner/work/exp-acceleration-analysis-nongrashof-nitk/exp-acceleration-analysis-nongrashof-nitk/experiment/simulation/js/jquery-ui.js
      9:39  warning  'define' is not defined                                      no-undef
     11:5   warning  'define' is not defined                                      no-undef
     14:13  warning  'jQuery' is not defined                                      no-undef
     21:7   warning  'version' is assigned a value but never used                 no-unused-vars
    797:7   warning  'widget' is assigned a value but never used                  no-unused-vars
    822:19  warning  Unnecessary escape character: \+                             no-useless-escape
    822:21  warning  Unnecessary escape character: \-                             no-useless-escape
   1365:7   warning  'position' is assigned a value but never used                no-unused-vars
   1381:7   warning  'data' is assigned a value but never used                    no-unused-vars
   1410:7   warning  'disableSelection' is assigned a value but never used        no-unused-vars
   1452:23  warning  Unnecessary escape character: \-                             no-useless-escape
   1462:39  warning  Unnecessary escape character: \%                             no-useless-escape
   1462:63  warning  Unnecessary escape character: \%                             no-useless-escape
   1462:87  warning  Unnecessary escape character: \%                             no-useless-escape
   1499:61  warning  Unnecessary escape character: \%                             no-useless-escape
   1499:85  warning  Unnecessary escape character: \%                             no-useless-escape
   2078:29  warning  Empty block statement                                        no-empty
   3120:63  warning  Empty block statement                                        no-empty
   3156:7   warning  'effectsEffectBlind' is assigned a value but never used      no-unused-vars
   3217:7   warning  'effectsEffectBounce' is assigned a value but never used     no-unused-vars
   3309:7   warning  'effectsEffectClip' is assigned a value but never used       no-unused-vars
   3360:7   warning  'effectsEffectDrop' is assigned a value but never used       no-unused-vars
   3418:7   warning  'effectsEffectExplode' is assigned a value but never used    no-unused-vars
   3523:7   warning  'effectsEffectFade' is assigned a value but never used       no-unused-vars
   3560:7   warning  'effectsEffectFold' is assigned a value but never used       no-unused-vars
   3639:7   warning  'effectsEffectHighlight' is assigned a value but never used  no-unused-vars
   3683:7   warning  'effectsEffectSize' is assigned a value but never used       no-unused-vars
   3884:7   warning  'effectsEffectScale' is assigned a value but never used      no-unused-vars
   3929:7   warning  'effectsEffectPuff' is assigned a value but never used       no-unused-vars
   3957:7   warning  'effectsEffectPulsate' is assigned a value but never used    no-unused-vars
   4007:7   warning  'effectsEffectShake' is assigned a value but never used      no-unused-vars
   4062:7   warning  'effectsEffectSlide' is assigned a value but never used      no-unused-vars
   4127:7   warning  'effect' is already defined                                  no-redeclare
   4133:7   warning  'effectsEffectTransfer' is assigned a value but never used   no-unused-vars
   4209:7   warning  'focusable' is assigned a value but never used               no-unused-vars
   4214:7   warning  'form' is assigned a value but never used                    no-unused-vars
   4234:7   warning  'formResetMixin' is assigned a value but never used          no-unused-vars
   4311:22  warning  Unexpected control character(s) in regular expression: \x1f  no-control-regex
   4369:7   warning  'keycode' is assigned a value but never used                 no-unused-vars
   4402:7   warning  'labels' is assigned a value but never used                  no-unused-vars
   4455:7   warning  'scrollParent' is assigned a value but never used            no-unused-vars
   4492:7   warning  'tabbable' is assigned a value but never used                no-unused-vars
   4516:7   warning  'uniqueId' is assigned a value but never used                no-unused-vars
   4558:7   warning  'widgetsAccordion' is assigned a value but never used        no-unused-vars
   5187:7   warning  'safeActiveElement' is assigned a value but never used       no-unused-vars
   5233:7   warning  'widgetsMenu' is assigned a value but never used             no-unused-vars
   5939:13  warning  Unnecessary escape character: \-                             no-useless-escape
   5939:15  warning  Unnecessary escape character: \[                             no-useless-escape
   5939:30  warning  Unnecessary escape character: \^                             no-useless-escape
   6581:30  warning  Unnecessary escape character: \-                             no-useless-escape
   6581:32  warning  Unnecessary escape character: \[                             no-useless-escape
   6581:47  warning  Unnecessary escape character: \^                             no-useless-escape
   6626:7   warning  'widgetsAutocomplete' is assigned a value but never used     no-unused-vars
   6648:7   warning  'widgetsControlgroup' is assigned a value but never used     no-unused-vars
   7239:7   warning  'widgetsCheckboxradio' is assigned a value but never used    no-unused-vars
   7686:7   warning  'widgetsButton' is assigned a value but never used           no-unused-vars
   7921:51  warning  Unnecessary escape character: \-                             no-useless-escape
   8620:23  warning  Empty block statement                                        no-empty
   9326:18  warning  Unexpected constant condition                                no-constant-condition
   9623:27  warning  Unnecessary escape character: \-                             no-useless-escape
  10293:40  warning  Unnecessary escape character: \-                             no-useless-escape
  10295:32  warning  Unnecessary escape character: \-                             no-useless-escape
  10435:35  warning  Unnecessary escape character: \-                             no-useless-escape
  10438:35  warning  Unnecessary escape character: \-                             no-useless-escape
  10603:7   warning  'widgetsDatepicker' is assigned a value but never used       no-unused-vars
  10606:7   warning  'ie' is assigned a value but never used                      no-unused-vars
  10627:7   warning  'widgetsMouse' is assigned a value but never used            no-unused-vars
  10835:7   warning  'plugin' is assigned a value but never used                  no-unused-vars
  10868:7   warning  'safeBlur' is assigned a value but never used                no-unused-vars
  12169:7   warning  'widgetsDraggable' is assigned a value but never used        no-unused-vars
  13428:7   warning  'widgetsResizable' is assigned a value but never used        no-unused-vars
  14383:7   warning  'widgetsDialog' is assigned a value but never used           no-unused-vars
  14902:7   warning  'widgetsDroppable' is assigned a value but never used        no-unused-vars
  14924:7   warning  'widgetsProgressbar' is assigned a value but never used      no-unused-vars
  15081:7   warning  'widgetsSelectable' is assigned a value but never used       no-unused-vars
  15399:7   warning  'widgetsSelectmenu' is assigned a value but never used       no-unused-vars
  16098:7   warning  'widgetsSlider' is assigned a value but never used           no-unused-vars
  16890:7   warning  'widgetsSortable' is assigned a value but never used         no-unused-vars
  17501:33  warning  Unnecessary escape character: \-                             no-useless-escape
  19078:15  warning  'Globalize' is not defined                                   no-undef
  19089:11  warning  'Globalize' is not defined                                   no-undef
  19209:7   warning  'widgetsSpinner' is assigned a value but never used          no-unused-vars
  19265:25  warning  Empty block statement                                        no-empty
  19268:25  warning  Empty block statement                                        no-empty
  19507:38  warning  Unnecessary escape character: \/                             no-useless-escape
  19507:47  warning  Unnecessary escape character: \[                             no-useless-escape
  19507:51  warning  Unnecessary escape character: \^                             no-useless-escape
  20132:7   warning  'widgetsTabs' is assigned a value but never used             no-unused-vars
  20643:7   warning  'widgetsTooltip' is assigned a value but never used          no-unused-vars

/home/runner/work/exp-acceleration-analysis-nongrashof-nitk/exp-acceleration-analysis-nongrashof-nitk/experiment/simulation/js/jquery.ui.touch-punch.js
  174:4  warning  'jQuery' is not defined  no-undef

/home/runner/work/exp-acceleration-analysis-nongrashof-nitk/exp-acceleration-analysis-nongrashof-nitk/experiment/simulation/js/jquery.ui.touch-punch.min.js
  81:4  warning  'jQuery' is not defined  no-undef

/home/runner/work/exp-acceleration-analysis-nongrashof-nitk/exp-acceleration-analysis-nongrashof-nitk/experiment/simulation/js/new-script.js
    6:5    warning  'commenttext' is assigned a value but never used  no-unused-vars
    7:5    warning  'commentloc' is assigned a value but never used   no-unused-vars
    9:16   warning  'point' is not defined                            no-undef
   10:17   warning  'point' is not defined                            no-undef
   11:17   warning  'point' is not defined                            no-undef
   13:12   warning  'point' is not defined                            no-undef
   14:12   warning  'point' is not defined                            no-undef
   15:12   warning  'point' is not defined                            no-undef
   16:12   warning  'point' is not defined                            no-undef
   21:13   warning  'point' is not defined                            no-undef
   22:14   warning  'point' is not defined                            no-undef
   23:14   warning  'point' is not defined                            no-undef
   24:14   warning  'point' is not defined                            no-undef
   26:13   warning  'point' is not defined                            no-undef
   27:13   warning  'point' is not defined                            no-undef
   28:14   warning  'point' is not defined                            no-undef
   29:13   warning  'point' is not defined                            no-undef
   30:15   warning  'point' is not defined                            no-undef
   31:14   warning  'point' is not defined                            no-undef
   32:15   warning  'point' is not defined                            no-undef
   33:14   warning  'point' is not defined                            no-undef
   35:14   warning  'point' is not defined                            no-undef
   36:14   warning  'point' is not defined                            no-undef
   37:14   warning  'point' is not defined                            no-undef
   39:13   warning  'point' is not defined                            no-undef
   40:14   warning  'point' is not defined                            no-undef
   41:13   warning  'point' is not defined                            no-undef
   51:14   warning  'gammadash' is assigned a value but never used    no-unused-vars
   51:27   warning  'theta3dash' is assigned a value but never used   no-unused-vars
   51:41   warning  'theta4dash' is assigned a value but never used   no-unused-vars
   62:5    warning  'time' is assigned a value but never used         no-unused-vars
   64:5    warning  'ptx' is assigned a value but never used          no-unused-vars
   65:5    warning  'pty' is assigned a value but never used          no-unused-vars
   68:5    warning  'quickrefCS' is assigned a value but never used   no-unused-vars
   70:5    warning  'temp' is assigned a value but never used         no-unused-vars
   80:10   warning  'editcss' is defined but never used               no-unused-vars
   82:1    warning  '$' is not defined                                no-undef
   83:1    warning  '$' is not defined                                no-undef
   84:1    warning  '$' is not defined                                no-undef
   85:1    warning  '$' is not defined                                no-undef
   86:1    warning  '$' is not defined                                no-undef
   87:1    warning  '$' is not defined                                no-undef
   91:10   warning  'startsim' is defined but never used              no-unused-vars
   97:10   warning  'simstate' is defined but never used              no-unused-vars
  104:1    warning  Mixed spaces and tabs                             no-mixed-spaces-and-tabs
  106:5    warning  '$' is not defined                                no-undef
  112:2    warning  Mixed spaces and tabs                             no-mixed-spaces-and-tabs
  113:2    warning  Mixed spaces and tabs                             no-mixed-spaces-and-tabs
  142:10   warning  'showLegend' is defined but never used            no-unused-vars
  146:3    warning  '$' is not defined                                no-undef
  147:3    warning  '$' is not defined                                no-undef
  148:3    warning  '$' is not defined                                no-undef
  153:3    warning  '$' is not defined                                no-undef
  154:3    warning  '$' is not defined                                no-undef
  155:3    warning  '$' is not defined                                no-undef
  162:10   warning  'varinit' is defined but never used               no-unused-vars
  166:1    warning  '$' is not defined                                no-undef
  167:1    warning  '$' is not defined                                no-undef
  169:1    warning  '$' is not defined                                no-undef
  170:1    warning  '$' is not defined                                no-undef
  172:1    warning  '$' is not defined                                no-undef
  173:1    warning  '$' is not defined                                no-undef
  175:1    warning  '$' is not defined                                no-undef
  176:1    warning  '$' is not defined                                no-undef
  178:1    warning  '$' is not defined                                no-undef
  179:1    warning  '$' is not defined                                no-undef
  181:1    warning  '$' is not defined                                no-undef
  182:1    warning  '$' is not defined                                no-undef
  190:1    warning  '$' is not defined                                no-undef
  191:1    warning  '$' is not defined                                no-undef
  194:1    warning  '$' is not defined                                no-undef
  194:51   warning  '$' is not defined                                no-undef
  195:1    warning  '$' is not defined                                no-undef
  195:51   warning  '$' is not defined                                no-undef
  196:1    warning  '$' is not defined                                no-undef
  199:1    warning  '$' is not defined                                no-undef
  200:1    warning  '$' is not defined                                no-undef
  203:1    warning  '$' is not defined                                no-undef
  203:51   warning  '$' is not defined                                no-undef
  204:1    warning  '$' is not defined                                no-undef
  204:51   warning  '$' is not defined                                no-undef
  205:1    warning  '$' is not defined                                no-undef
  208:1    warning  '$' is not defined                                no-undef
  209:1    warning  '$' is not defined                                no-undef
  212:1    warning  '$' is not defined                                no-undef
  212:51   warning  '$' is not defined                                no-undef
  213:1    warning  '$' is not defined                                no-undef
  213:51   warning  '$' is not defined                                no-undef
  214:1    warning  '$' is not defined                                no-undef
  217:1    warning  '$' is not defined                                no-undef
  218:1    warning  '$' is not defined                                no-undef
  221:1    warning  '$' is not defined                                no-undef
  221:51   warning  '$' is not defined                                no-undef
  222:1    warning  '$' is not defined                                no-undef
  222:51   warning  '$' is not defined                                no-undef
  223:1    warning  '$' is not defined                                no-undef
  226:1    warning  '$' is not defined                                no-undef
  227:1    warning  '$' is not defined                                no-undef
  230:1    warning  '$' is not defined                                no-undef
  230:55   warning  '$' is not defined                                no-undef
  231:1    warning  '$' is not defined                                no-undef
  231:55   warning  '$' is not defined                                no-undef
  232:1    warning  '$' is not defined                                no-undef
  235:1    warning  '$' is not defined                                no-undef
  236:1    warning  '$' is not defined                                no-undef
  239:1    warning  '$' is not defined                                no-undef
  239:55   warning  '$' is not defined                                no-undef
  240:1    warning  '$' is not defined                                no-undef
  240:55   warning  '$' is not defined                                no-undef
  241:1    warning  '$' is not defined                                no-undef
  254:29   warning  'rad' is not defined                              no-undef
  255:25   warning  'rad' is not defined                              no-undef
  256:29   warning  'rad' is not defined                              no-undef
  263:3    warning  '$' is not defined                                no-undef
  264:3    warning  '$' is not defined                                no-undef
  269:3    warning  '$' is not defined                                no-undef
  270:3    warning  '$' is not defined                                no-undef
  281:14   warning  '$' is not defined                                no-undef
  281:65   warning  '$' is not defined                                no-undef
  282:13   warning  '$' is not defined                                no-undef
  282:63   warning  '$' is not defined                                no-undef
  290:1    warning  '$' is not defined                                no-undef
  290:29   warning  '$' is not defined                                no-undef
  291:1    warning  '$' is not defined                                no-undef
  291:29   warning  '$' is not defined                                no-undef
  292:1    warning  '$' is not defined                                no-undef
  292:29   warning  '$' is not defined                                no-undef
  293:1    warning  '$' is not defined                                no-undef
  293:31   warning  '$' is not defined                                no-undef
  294:1    warning  '$' is not defined                                no-undef
  294:31   warning  '$' is not defined                                no-undef
  295:1    warning  '$' is not defined                                no-undef
  295:31   warning  '$' is not defined                                no-undef
  303:1    warning  '$' is not defined                                no-undef
  303:32   warning  '$' is not defined                                no-undef
  304:1    warning  '$' is not defined                                no-undef
  304:32   warning  '$' is not defined                                no-undef
  305:1    warning  '$' is not defined                                no-undef
  305:32   warning  '$' is not defined                                no-undef
  306:1    warning  '$' is not defined                                no-undef
  306:32   warning  '$' is not defined                                no-undef
  307:1    warning  '$' is not defined                                no-undef
  307:36   warning  '$' is not defined                                no-undef
  308:1    warning  '$' is not defined                                no-undef
  308:36   warning  '$' is not defined                                no-undef
  310:4    warning  '$' is not defined                                no-undef
  311:4    warning  '$' is not defined                                no-undef
  312:4    warning  '$' is not defined                                no-undef
  313:4    warning  '$' is not defined                                no-undef
  318:1    warning  '$' is not defined                                no-undef
  319:1    warning  '$' is not defined                                no-undef
  321:1    warning  '$' is not defined                                no-undef
  322:1    warning  '$' is not defined                                no-undef
  323:1    warning  '$' is not defined                                no-undef
  324:1    warning  '$' is not defined                                no-undef
  325:1    warning  '$' is not defined                                no-undef
  326:1    warning  '$' is not defined                                no-undef
  327:1    warning  '$' is not defined                                no-undef
  328:1    warning  '$' is not defined                                no-undef
  330:18   warning  '$' is not defined                                no-undef
  331:20   warning  'deg' is not defined                              no-undef
  337:1    warning  '$' is not defined                                no-undef
  338:1    warning  '$' is not defined                                no-undef
  339:1    warning  '$' is not defined                                no-undef
  340:1    warning  '$' is not defined                                no-undef
  341:1    warning  '$' is not defined                                no-undef
  342:1    warning  '$' is not defined                                no-undef
  343:1    warning  '$' is not defined                                no-undef
  344:1    warning  '$' is not defined                                no-undef
  346:1    warning  '$' is not defined                                no-undef
  347:1    warning  '$' is not defined                                no-undef
  348:8    warning  '$' is not defined                                no-undef
  349:18   warning  '$' is not defined                                no-undef
  359:28   warning  'rad' is not defined                              no-undef
  360:24   warning  'rad' is not defined                              no-undef
  361:28   warning  'rad' is not defined                              no-undef
  363:13   warning  '$' is not defined                                no-undef
  363:65   warning  '$' is not defined                                no-undef
  370:35   warning  'rad' is not defined                              no-undef
  371:33   warning  'rad' is not defined                              no-undef
  376:9    warning  'deg' is not defined                              no-undef
  379:9    warning  'deg' is not defined                              no-undef
  379:36   warning  'rad' is not defined                              no-undef
  379:61   warning  'rad' is not defined                              no-undef
  381:32   warning  'rad' is not defined                              no-undef
  382:32   warning  'rad' is not defined                              no-undef
  419:42   warning  'rad' is not defined                              no-undef
  420:42   warning  'rad' is not defined                              no-undef
  421:41   warning  'rad' is not defined                              no-undef
  421:65   warning  'rad' is not defined                              no-undef
  421:89   warning  'rad' is not defined                              no-undef
  421:113  warning  'rad' is not defined                              no-undef
  421:139  warning  'rad' is not defined                              no-undef
  421:163  warning  'rad' is not defined                              no-undef
  421:187  warning  'rad' is not defined                              no-undef
  421:211  warning  'rad' is not defined                              no-undef
  422:41   warning  'rad' is not defined                              no-undef
  422:65   warning  'rad' is not defined                              no-undef
  422:89   warning  'rad' is not defined                              no-undef
  422:113  warning  'rad' is not defined                              no-undef
  422:139  warning  'rad' is not defined                              no-undef
  422:163  warning  'rad' is not defined                              no-undef
  422:187  warning  'rad' is not defined                              no-undef
  422:211  warning  'rad' is not defined                              no-undef
  425:43   warning  'rad' is not defined                              no-undef
  426:43   warning  'rad' is not defined                              no-undef
  427:42   warning  'rad' is not defined                              no-undef
  428:42   warning  'rad' is not defined                              no-undef
  441:16   warning  'rad' is not defined                              no-undef
  442:16   warning  'rad' is not defined                              no-undef
  443:16   warning  'rad' is not defined                              no-undef
  444:16   warning  'rad' is not defined                              no-undef
  445:19   warning  'rad' is not defined                              no-undef
  445:48   warning  'rad' is not defined                              no-undef
  445:76   warning  'rad' is not defined                              no-undef
  446:20   warning  'rad' is not defined                              no-undef
  446:49   warning  'rad' is not defined                              no-undef
  446:77   warning  'rad' is not defined                              no-undef
  457:79   warning  'scaleA' is not defined                           no-undef
  458:162  warning  'scaleA' is not defined                           no-undef
  459:162  warning  'scaleA' is not defined                           no-undef
  460:163  warning  'scaleA' is not defined                           no-undef
  461:164  warning  'scaleA' is not defined                           no-undef
  462:6    warning  'scaleA' is not defined                           no-undef
  468:21   warning  'scaleA' is not defined                           no-undef
  468:43   warning  'rad' is not defined                              no-undef
  469:21   warning  'scaleA' is not defined                           no-undef
  469:43   warning  'rad' is not defined                              no-undef
  471:23   warning  'scaleA' is not defined                           no-undef
  471:46   warning  'rad' is not defined                              no-undef
  472:23   warning  'scaleA' is not defined                           no-undef
  472:46   warning  'rad' is not defined                              no-undef
  473:25   warning  'scaleA' is not defined                           no-undef
  473:48   warning  'rad' is not defined                              no-undef
  474:25   warning  'scaleA' is not defined                           no-undef
  474:48   warning  'rad' is not defined                              no-undef
  479:22   warning  'scaleA' is not defined                           no-undef
  479:44   warning  'rad' is not defined                              no-undef
  479:61   warning  Unnecessary semicolon                             no-extra-semi
  480:22   warning  'scaleA' is not defined                           no-undef
  480:44   warning  'rad' is not defined                              no-undef
  480:61   warning  Unnecessary semicolon                             no-extra-semi
  481:23   warning  'scaleA' is not defined                           no-undef
  481:45   warning  'rad' is not defined                              no-undef
  482:23   warning  'scaleA' is not defined                           no-undef
  482:45   warning  'rad' is not defined                              no-undef
  498:16   warning  '$' is not defined                                no-undef
  498:67   warning  '$' is not defined                                no-undef
  499:13   warning  '$' is not defined                                no-undef
  499:63   warning  '$' is not defined                                no-undef
  505:58   warning  '$' is not defined                                no-undef
  505:141  warning  '$' is not defined                                no-undef
  519:3    warning  '$' is not defined                                no-undef
  520:3    warning  '$' is not defined                                no-undef
  521:3    warning  '$' is not defined                                no-undef
  522:3    warning  '$' is not defined                                no-undef
  523:3    warning  '$' is not defined                                no-undef
  524:3    warning  '$' is not defined                                no-undef
  525:3    warning  '$' is not defined                                no-undef
  526:3    warning  '$' is not defined                                no-undef
  527:3    warning  '$' is not defined                                no-undef
  528:1    warning  '$' is not defined                                no-undef
  543:3    warning  '$' is not defined                                no-undef
  544:3    warning  '$' is not defined                                no-undef
  545:3    warning  '$' is not defined                                no-undef
  546:3    warning  '$' is not defined                                no-undef
  547:3    warning  '$' is not defined                                no-undef
  548:3    warning  '$' is not defined                                no-undef
  549:3    warning  '$' is not defined                                no-undef
  550:3    warning  '$' is not defined                                no-undef
  551:3    warning  '$' is not defined                                no-undef
  552:5    warning  'pointtrans' is not defined                       no-undef
  553:5    warning  'pointtrans' is not defined                       no-undef
  554:5    warning  'pointtrans' is not defined                       no-undef
  555:5    warning  'pointtrans' is not defined                       no-undef
  557:3    warning  'pointjoin' is not defined                        no-undef
  558:3    warning  'pointjoin' is not defined                        no-undef
  559:3    warning  'pointjoin' is not defined                        no-undef
  560:3    warning  'pointjoin' is not defined                        no-undef
  561:3    warning  'pointdisp' is not defined                        no-undef
  562:3    warning  'pointdisp' is not defined                        no-undef
  563:3    warning  'pointdisp' is not defined                        no-undef
  564:3    warning  'pointdisp' is not defined                        no-undef
  590:6    warning  'scaleA' is not defined                           no-undef
  591:51   warning  'scaleA' is not defined                           no-undef
  592:6    warning  'scaleA' is not defined                           no-undef
  593:51   warning  'scaleA' is not defined                           no-undef
  608:6    warning  'pointtrans' is not defined                       no-undef
  609:7    warning  'pointtrans' is not defined                       no-undef
  610:7    warning  'pointtrans' is not defined                       no-undef
  611:7    warning  'pointtrans' is not defined                       no-undef
  613:3    warning  'pointjoin' is not defined                        no-undef
  614:3    warning  'drawArrow' is not defined                        no-undef
  616:3    warning  'pointjoin' is not defined                        no-undef
  617:3    warning  'drawArrow' is not defined                        no-undef
  617:51   warning  'signof' is not defined                           no-undef
  619:3    warning  'pointjoin' is not defined                        no-undef
  620:3    warning  'drawArrow' is not defined                        no-undef
  620:51   warning  'signof' is not defined                           no-undef
  624:1    warning  'pointdisp' is not defined                        no-undef
  628:1    warning  'pointdisp' is not defined                        no-undef
  632:1    warning  'pointdisp' is not defined                        no-undef
  699:37   warning  'roundd' is not defined                           no-undef
  699:66   warning  'roundd' is not defined                           no-undef
  699:95   warning  'roundd' is not defined                           no-undef
  699:127  warning  'roundd' is not defined                           no-undef
  699:156  warning  'roundd' is not defined                           no-undef
  699:184  warning  'roundd' is not defined                           no-undef
  699:212  warning  'roundd' is not defined                           no-undef
  700:37   warning  'roundd' is not defined                           no-undef
  700:66   warning  'roundd' is not defined                           no-undef
  700:95   warning  'roundd' is not defined                           no-undef
  700:127  warning  'roundd' is not defined                           no-undef
  700:156  warning  'roundd' is not defined                           no-undef
  700:185  warning  'roundd' is not defined                           no-undef
  700:214  warning  'roundd' is not defined                           no-undef
  701:37   warning  'roundd' is not defined                           no-undef
  701:66   warning  'roundd' is not defined                           no-undef
  701:95   warning  'roundd' is not defined                           no-undef
  701:127  warning  'roundd' is not defined                           no-undef
  701:156  warning  'roundd' is not defined                           no-undef
  701:184  warning  'roundd' is not defined                           no-undef
  701:212  warning  'roundd' is not defined                           no-undef
  707:7    warning  'pointtrans' is not defined                       no-undef
  708:7    warning  'pointtrans' is not defined                       no-undef
  709:8    warning  'pointtrans' is not defined                       no-undef
  710:7    warning  'pointtrans' is not defined                       no-undef
  711:9    warning  'pointtrans' is not defined                       no-undef
  712:8    warning  'pointtrans' is not defined                       no-undef
  713:9    warning  'pointtrans' is not defined                       no-undef
  714:8    warning  'pointtrans' is not defined                       no-undef
  716:3    warning  'angcb' is not defined                            no-undef
  716:9    warning  'deg' is not defined                              no-undef
  717:3    warning  'angc' is not defined                             no-undef
  717:8    warning  'deg' is not defined                              no-undef
  719:3    warning  'pointjoin' is not defined                        no-undef
  720:3    warning  'drawArrow' is not defined                        no-undef
  722:3    warning  'pointjoin' is not defined                        no-undef
  723:3    warning  'drawArrow' is not defined                        no-undef
  725:3    warning  'pointjoin' is not defined                        no-undef
  726:3    warning  'drawArrow' is not defined                        no-undef
  726:48   warning  'signof' is not defined                           no-undef
  726:81   warning  'angcb' is not defined                            no-undef
  728:3    warning  'pointjoin' is not defined                        no-undef
  729:3    warning  'drawArrow' is not defined                        no-undef
  731:3    warning  'pointjoin' is not defined                        no-undef
  732:3    warning  'drawArrow' is not defined                        no-undef
  732:46   warning  'signof' is not defined                           no-undef
  732:78   warning  'angc' is not defined                             no-undef
  736:3    warning  'pointdisp' is not defined                        no-undef
  740:3    warning  'pointdisp' is not defined                        no-undef
  744:3    warning  'pointdisp' is not defined                        no-undef
  751:3    warning  'pointjoin' is not defined                        no-undef
  752:3    warning  'drawArrow' is not defined                        no-undef
  752:52   warning  'signof' is not defined                           no-undef
  753:3    warning  'pointjoin' is not defined                        no-undef
  754:3    warning  'drawArrow' is not defined                        no-undef
  754:54   warning  'signof' is not defined                           no-undef

/home/runner/work/exp-acceleration-analysis-nongrashof-nitk/exp-acceleration-analysis-nongrashof-nitk/experiment/simulation/js/script.js
   3:7   warning  'ctx' is assigned a value but never used  no-unused-vars
  10:3   warning  '$' is not defined                        no-undef
  11:3   warning  '$' is not defined                        no-undef
  12:3   warning  '$' is not defined                        no-undef
  13:3   warning  '$' is not defined                        no-undef
  14:3   warning  '$' is not defined                        no-undef
  15:3   warning  '$' is not defined                        no-undef
  16:3   warning  '$' is not defined                        no-undef
  17:3   warning  '$' is not defined                        no-undef
  20:3   warning  '$' is not defined                        no-undef
  21:3   warning  '$' is not defined                        no-undef
  23:3   warning  '$' is not defined                        no-undef
  24:5   warning  '$' is not defined                        no-undef
  25:5   warning  'time' is not defined                     no-undef
  28:3   warning  '$' is not defined                        no-undef
  29:5   warning  '$' is not defined                        no-undef
  30:5   warning  'time' is not defined                     no-undef
  33:3   warning  '$' is not defined                        no-undef
  37:3   warning  '$' is not defined                        no-undef
  38:3   warning  '$' is not defined                        no-undef
  40:3   warning  '$' is not defined                        no-undef
  41:5   warning  '$' is not defined                        no-undef
  42:5   warning  'time' is not defined                     no-undef
  45:3   warning  '$' is not defined                        no-undef
  46:5   warning  '$' is not defined                        no-undef
  47:5   warning  'time' is not defined                     no-undef
  50:3   warning  '$' is not defined                        no-undef
  53:3   warning  '$' is not defined                        no-undef
  57:3   warning  '$' is not defined                        no-undef
  58:3   warning  '$' is not defined                        no-undef
  60:3   warning  '$' is not defined                        no-undef
  61:5   warning  '$' is not defined                        no-undef
  62:5   warning  'time' is not defined                     no-undef
  65:3   warning  '$' is not defined                        no-undef
  66:5   warning  '$' is not defined                        no-undef
  67:5   warning  'time' is not defined                     no-undef
  70:3   warning  '$' is not defined                        no-undef
  73:3   warning  '$' is not defined                        no-undef
  74:3   warning  '$' is not defined                        no-undef
  77:3   warning  '$' is not defined                        no-undef
  77:38  warning  '$' is not defined                        no-undef
  78:3   warning  '$' is not defined                        no-undef
  78:40  warning  '$' is not defined                        no-undef
  79:3   warning  '$' is not defined                        no-undef
  79:38  warning  '$' is not defined                        no-undef
  80:3   warning  'endmass' is not defined                  no-undef
  80:13  warning  '$' is not defined                        no-undef
  81:3   warning  'beamlength' is not defined               no-undef
  81:16  warning  '$' is not defined                        no-undef
  82:3   warning  'dampingratio' is not defined             no-undef
  82:18  warning  '$' is not defined                        no-undef
  84:3   warning  Unnecessary semicolon                     no-extra-semi

✖ 539 problems (1 error, 538 warnings)
  0 errors and 3 warnings potentially fixable with the `--fix` option.

